"C:/Users/al_fe/Documents/Unreal Projects/Platformer/Content/2DSideScrollerBP/Blueprints/Map/Assets.uasset" 0
"C:/Users/al_fe/Documents/Unreal Projects/Platformer/Content/2DSideScrollerBP/Blueprints/Map/Assets_TileSet.uasset" 1
"C:/Users/al_fe/Documents/Unreal Projects/Platformer/Content/2DSideScrollerBP/Blueprints/Map/Background_1.uasset" 2
"C:/Users/al_fe/Documents/Unreal Projects/Platformer/Content/2DSideScrollerBP/Blueprints/Map/Background_1_TileSet.uasset" 3
"C:/Users/al_fe/Documents/Unreal Projects/Platformer/Content/2DSideScrollerBP/Blueprints/Map/Background_2.uasset" 4
"C:/Users/al_fe/Documents/Unreal Projects/Platformer/Content/2DSideScrollerBP/Blueprints/Map/Background_2_TileSet.uasset" 5
"C:/Users/al_fe/Documents/Unreal Projects/Platformer/Content/2DSideScrollerBP/Blueprints/Map/Map.uasset" 6
"C:/Users/al_fe/Documents/Unreal Projects/Platformer/Content/2DSideScrollerBP/Blueprints/Map.uasset" 7
"C:/Users/al_fe/Documents/Unreal Projects/Platformer/Content/2DSideScrollerBP/Blueprints/2D/Character.uasset" 8
"C:/Users/al_fe/Documents/Unreal Projects/Platformer/Content/2DSideScrollerBP/Blueprints/2D/Character_Sprite_14.uasset" 9
"C:/Users/al_fe/Documents/Unreal Projects/Platformer/Content/2DSideScrollerBP/Blueprints/2D/Character_Sprite_15.uasset" 10
"C:/Users/al_fe/Documents/Unreal Projects/Platformer/Content/2DSideScrollerBP/Blueprints/2D/Character_Sprite_18.uasset" 11
"C:/Users/al_fe/Documents/Unreal Projects/Platformer/Content/2DSideScrollerBP/Blueprints/2D/Character_Sprite_19.uasset" 12
"C:/Users/al_fe/Documents/Unreal Projects/Platformer/Content/2DSideScrollerBP/Blueprints/2D/Character_Sprite_23.uasset" 13
"C:/Users/al_fe/Documents/Unreal Projects/Platformer/Content/2DSideScrollerBP/Blueprints/2D/Character_Sprite_3.uasset" 14
"C:/Users/al_fe/Documents/Unreal Projects/Platformer/Content/2DSideScrollerBP/Blueprints/2D/Character_Sprite_5.uasset" 15
"C:/Users/al_fe/Documents/Unreal Projects/Platformer/Content/2DSideScrollerBP/Blueprints/2D/Character_Sprite_6.uasset" 16
"C:/Users/al_fe/Documents/Unreal Projects/Platformer/Content/2DSideScrollerBP/Blueprints/2D/Character_Sprite_7.uasset" 17
"C:/Users/al_fe/Documents/Unreal Projects/Platformer/Content/2DSideScrollerBP/Blueprints/2D/Jump4.uasset" 18
"C:/Users/al_fe/Documents/Unreal Projects/Platformer/Content/2DSideScrollerBP/Blueprints/2D/Jump4_Cue.uasset" 19
"C:/Users/al_fe/Documents/Unreal Projects/Platformer/Content/2DSideScrollerBP/Blueprints/2D/Character_Sprite_16.uasset" 20
"C:/Users/al_fe/Documents/Unreal Projects/Platformer/Content/2DSideScrollerBP/Blueprints/2D/Character_Sprite_17.uasset" 21
"C:/Users/al_fe/Documents/Unreal Projects/Platformer/Content/2DSideScrollerBP/Blueprints/2D/Ladder.uasset" 22
"C:/Users/al_fe/Documents/Unreal Projects/Platformer/Content/2DSideScrollerBP/Blueprints/2D/Laser_Shoot4.uasset" 23
"C:/Users/al_fe/Documents/Unreal Projects/Platformer/Content/2DSideScrollerBP/Blueprints/2D/Enemies/Military_Incursion_Bot_Sprite_Sheet_Sprite_14.uasset" 24
"C:/Users/al_fe/Documents/Unreal Projects/Platformer/Content/2DSideScrollerBP/Blueprints/2D/Enemies/Military_Incursion_Bot_Sprite_Sheet_Sprite_15.uasset" 25
"C:/Users/al_fe/Documents/Unreal Projects/Platformer/Content/2DSideScrollerBP/Blueprints/2D/Enemies/Military_Incursion_Bot_Sprite_Sheet_Sprite_16.uasset" 26
"C:/Users/al_fe/Documents/Unreal Projects/Platformer/Content/2DSideScrollerBP/Blueprints/2D/Enemies/Military_Incursion_Bot_Sprite_Sheet_Sprite_17.uasset" 27
"../../Plugins/2D/Paper2D/Content/PlaceholderTextures/DummySpriteTexture.uasset" 28
"../../Plugins/2D/Paper2D/Content/DefaultSpriteMaterial.uasset" 29
"../../Plugins/2D/Paper2D/Content/TranslucentUnlitSpriteMaterial.uasset" 30
"C:/Users/al_fe/Documents/Unreal Projects/Platformer/Content/2DSideScrollerBP/Blueprints/2D/Enemies/Military_Incursion_Bot_Sprite_Sheet_Sprite_18.uasset" 31
"C:/Users/al_fe/Documents/Unreal Projects/Platformer/Content/2DSideScrollerBP/Blueprints/2D/Enemies/Military_Incursion_Bot_Sprite_Sheet_Sprite_19.uasset" 32
"C:/Users/al_fe/Documents/Unreal Projects/Platformer/Content/2DSideScrollerBP/Blueprints/2D/Enemies/Military_Incursion_Bot_Sprite_Sheet_Sprite_20.uasset" 33
"C:/Users/al_fe/Documents/Unreal Projects/Platformer/Content/2DSideScrollerBP/Blueprints/2D/Enemies/Military_Incursion_Bot_Sprite_Sheet_Sprite_21.uasset" 34
"C:/Users/al_fe/Documents/Unreal Projects/Platformer/Content/2DSideScrollerBP/Blueprints/2D/Enemies/Military_Incursion_Bot_Sprite_Sheet_Sprite_22.uasset" 35
"C:/Users/al_fe/Documents/Unreal Projects/Platformer/Content/2DSideScrollerBP/Blueprints/2D/Enemies/Military_Incursion_Bot_Sprite_Sheet_Sprite_23.uasset" 36
"C:/Users/al_fe/Documents/Unreal Projects/Platformer/Content/2DSideScrollerBP/Blueprints/2D/Enemies/attack.uasset" 37
"C:/Users/al_fe/Documents/Unreal Projects/Platformer/Content/2DSideScrollerBP/Blueprints/2D/Enemies/Military_Incursion_Bot_Sprite_Sheet_Sprite_31.uasset" 38
"C:/Users/al_fe/Documents/Unreal Projects/Platformer/Content/2DSideScrollerBP/Blueprints/2D/Enemies/Military_Incursion_Bot_Sprite_Sheet_Sprite_32.uasset" 39
"C:/Users/al_fe/Documents/Unreal Projects/Platformer/Content/2DSideScrollerBP/Blueprints/2D/Enemies/Military_Incursion_Bot_Sprite_Sheet_Sprite_33.uasset" 40
"C:/Users/al_fe/Documents/Unreal Projects/Platformer/Content/2DSideScrollerBP/Blueprints/2D/Enemies/Military_Incursion_Bot_Sprite_Sheet_Sprite_34.uasset" 41
"C:/Users/al_fe/Documents/Unreal Projects/Platformer/Content/2DSideScrollerBP/Blueprints/2D/Enemies/Military_Incursion_Bot_Sprite_Sheet_Sprite_35.uasset" 42
"C:/Users/al_fe/Documents/Unreal Projects/Platformer/Content/2DSideScrollerBP/Blueprints/2D/Enemies/Military_Incursion_Bot_Sprite_Sheet_Sprite_36.uasset" 43
"C:/Users/al_fe/Documents/Unreal Projects/Platformer/Content/2DSideScrollerBP/Blueprints/2D/Enemies/Military_Incursion_Bot_Sprite_Sheet_Sprite_37.uasset" 44
"C:/Users/al_fe/Documents/Unreal Projects/Platformer/Content/2DSideScrollerBP/Blueprints/2D/Enemies/Military_Incursion_Bot_Sprite_Sheet_Sprite_38.uasset" 45
"C:/Users/al_fe/Documents/Unreal Projects/Platformer/Content/2DSideScrollerBP/Blueprints/2D/Enemies/Military_Incursion_Bot_Sprite_Sheet_Sprite_39.uasset" 46
"C:/Users/al_fe/Documents/Unreal Projects/Platformer/Content/2DSideScrollerBP/Blueprints/2D/Enemies/Military_Incursion_Bot_Sprite_Sheet_Sprite_41.uasset" 47
"C:/Users/al_fe/Documents/Unreal Projects/Platformer/Content/2DSideScrollerBP/Blueprints/2D/Enemies/Military_Incursion_Bot_Sprite_Sheet_Sprite_42.uasset" 48
"C:/Users/al_fe/Documents/Unreal Projects/Platformer/Content/2DSideScrollerBP/Blueprints/2D/Enemies/Military_Incursion_Bot_Sprite_Sheet_Sprite_44.uasset" 49
"C:/Users/al_fe/Documents/Unreal Projects/Platformer/Content/2DSideScrollerBP/Blueprints/2D/Enemies/Military_Incursion_Bot_Sprite_Sheet_Sprite_55.uasset" 50
"C:/Users/al_fe/Documents/Unreal Projects/Platformer/Content/2DSideScrollerBP/Blueprints/2D/Enemies/Dead.uasset" 51
"C:/Users/al_fe/Documents/Unreal Projects/Platformer/Content/2DSideScrollerBP/Blueprints/2D/Enemies/Military_Incursion_Bot_Sprite_Sheet.uasset" 52
"C:/Users/al_fe/Documents/Unreal Projects/Platformer/Content/2DSideScrollerBP/Blueprints/2D/Enemies/Military_Incursion_Bot_Sprite_Sheet_Sprite_10.uasset" 53
"C:/Users/al_fe/Documents/Unreal Projects/Platformer/Content/2DSideScrollerBP/Blueprints/2D/Enemies/Military_Incursion_Bot_Sprite_Sheet_Sprite_11.uasset" 54
"C:/Users/al_fe/Documents/Unreal Projects/Platformer/Content/2DSideScrollerBP/Blueprints/2D/Enemies/Military_Incursion_Bot_Sprite_Sheet_Sprite_12.uasset" 55
"C:/Users/al_fe/Documents/Unreal Projects/Platformer/Content/2DSideScrollerBP/Blueprints/2D/Enemies/Military_Incursion_Bot_Sprite_Sheet_Sprite_13.uasset" 56
"C:/Users/al_fe/Documents/Unreal Projects/Platformer/Content/2DSideScrollerBP/Blueprints/2D/Enemies/Military_Incursion_Bot_Sprite_Sheet_Sprite_24.uasset" 57
"C:/Users/al_fe/Documents/Unreal Projects/Platformer/Content/2DSideScrollerBP/Blueprints/2D/Enemies/Military_Incursion_Bot_Sprite_Sheet_Sprite_25.uasset" 58
"C:/Users/al_fe/Documents/Unreal Projects/Platformer/Content/2DSideScrollerBP/Blueprints/2D/Enemies/Military_Incursion_Bot_Sprite_Sheet_Sprite_26.uasset" 59
"C:/Users/al_fe/Documents/Unreal Projects/Platformer/Content/2DSideScrollerBP/Blueprints/2D/Enemies/Military_Incursion_Bot_Sprite_Sheet_Sprite_27.uasset" 60
"C:/Users/al_fe/Documents/Unreal Projects/Platformer/Content/2DSideScrollerBP/Blueprints/2D/Enemies/Military_Incursion_Bot_Sprite_Sheet_Sprite_28.uasset" 61
"C:/Users/al_fe/Documents/Unreal Projects/Platformer/Content/2DSideScrollerBP/Blueprints/2D/Enemies/Military_Incursion_Bot_Sprite_Sheet_Sprite_29.uasset" 62
"C:/Users/al_fe/Documents/Unreal Projects/Platformer/Content/2DSideScrollerBP/Blueprints/2D/Enemies/Military_Incursion_Bot_Sprite_Sheet_Sprite_30.uasset" 63
"C:/Users/al_fe/Documents/Unreal Projects/Platformer/Content/2DSideScrollerBP/Blueprints/2D/Enemies/Military_Incursion_Bot_Sprite_Sheet_Sprite_40.uasset" 64
"C:/Users/al_fe/Documents/Unreal Projects/Platformer/Content/2DSideScrollerBP/Blueprints/2D/Enemies/Military_Incursion_Bot_Sprite_Sheet_Sprite_43.uasset" 65
"C:/Users/al_fe/Documents/Unreal Projects/Platformer/Content/2DSideScrollerBP/Blueprints/2D/Enemies/Military_Incursion_Bot_Sprite_Sheet_Sprite_45.uasset" 66
"C:/Users/al_fe/Documents/Unreal Projects/Platformer/Content/2DSideScrollerBP/Blueprints/2D/Enemies/Military_Incursion_Bot_Sprite_Sheet_Sprite_46.uasset" 67
"C:/Users/al_fe/Documents/Unreal Projects/Platformer/Content/2DSideScrollerBP/Blueprints/2D/Enemies/Military_Incursion_Bot_Sprite_Sheet_Sprite_47.uasset" 68
"C:/Users/al_fe/Documents/Unreal Projects/Platformer/Content/2DSideScrollerBP/Blueprints/2D/Enemies/Military_Incursion_Bot_Sprite_Sheet_Sprite_48.uasset" 69
"C:/Users/al_fe/Documents/Unreal Projects/Platformer/Content/2DSideScrollerBP/Blueprints/2D/Enemies/Military_Incursion_Bot_Sprite_Sheet_Sprite_49.uasset" 70
"C:/Users/al_fe/Documents/Unreal Projects/Platformer/Content/2DSideScrollerBP/Blueprints/2D/Enemies/Military_Incursion_Bot_Sprite_Sheet_Sprite_50.uasset" 71
"C:/Users/al_fe/Documents/Unreal Projects/Platformer/Content/2DSideScrollerBP/Blueprints/2D/Enemies/Military_Incursion_Bot_Sprite_Sheet_Sprite_51.uasset" 72
"C:/Users/al_fe/Documents/Unreal Projects/Platformer/Content/2DSideScrollerBP/Blueprints/2D/Enemies/Military_Incursion_Bot_Sprite_Sheet_Sprite_52.uasset" 73
"C:/Users/al_fe/Documents/Unreal Projects/Platformer/Content/2DSideScrollerBP/Blueprints/2D/Enemies/Military_Incursion_Bot_Sprite_Sheet_Sprite_53.uasset" 74
"C:/Users/al_fe/Documents/Unreal Projects/Platformer/Content/2DSideScrollerBP/Blueprints/2D/Enemies/Military_Incursion_Bot_Sprite_Sheet_Sprite_54.uasset" 75
"C:/Users/al_fe/Documents/Unreal Projects/Platformer/Content/2DSideScrollerBP/Blueprints/2D/Enemies/Military_Incursion_Bot_Sprite_Sheet_Sprite_56.uasset" 76
"C:/Users/al_fe/Documents/Unreal Projects/Platformer/Content/2DSideScrollerBP/Blueprints/2D/Enemies/Military_Incursion_Bot_Sprite_Sheet_Sprite_57.uasset" 77
"C:/Users/al_fe/Documents/Unreal Projects/Platformer/Content/2DSideScrollerBP/Blueprints/2D/Enemies/Military_Incursion_Bot_Sprite_Sheet_Sprite_58.uasset" 78
"C:/Users/al_fe/Documents/Unreal Projects/Platformer/Content/2DSideScrollerBP/Blueprints/2D/Enemies/Military_Incursion_Bot_Sprite_Sheet_Sprite_59.uasset" 79
"C:/Users/al_fe/Documents/Unreal Projects/Platformer/Content/2DSideScrollerBP/Blueprints/2D/Enemies/Military_Incursion_Bot_Sprite_Sheet_Sprite_6.uasset" 80
"C:/Users/al_fe/Documents/Unreal Projects/Platformer/Content/2DSideScrollerBP/Blueprints/2D/Enemies/Military_Incursion_Bot_Sprite_Sheet_Sprite_60.uasset" 81
"C:/Users/al_fe/Documents/Unreal Projects/Platformer/Content/2DSideScrollerBP/Blueprints/2D/Enemies/Military_Incursion_Bot_Sprite_Sheet_Sprite_61.uasset" 82
"C:/Users/al_fe/Documents/Unreal Projects/Platformer/Content/2DSideScrollerBP/Blueprints/2D/Enemies/Military_Incursion_Bot_Sprite_Sheet_Sprite_62.uasset" 83
"C:/Users/al_fe/Documents/Unreal Projects/Platformer/Content/2DSideScrollerBP/Blueprints/2D/Enemies/Military_Incursion_Bot_Sprite_Sheet_Sprite_63.uasset" 84
"C:/Users/al_fe/Documents/Unreal Projects/Platformer/Content/2DSideScrollerBP/Blueprints/2D/Enemies/Military_Incursion_Bot_Sprite_Sheet_Sprite_64.uasset" 85
"C:/Users/al_fe/Documents/Unreal Projects/Platformer/Content/2DSideScrollerBP/Blueprints/2D/Enemies/Military_Incursion_Bot_Sprite_Sheet_Sprite_7.uasset" 86
"C:/Users/al_fe/Documents/Unreal Projects/Platformer/Content/2DSideScrollerBP/Blueprints/2D/Enemies/Military_Incursion_Bot_Sprite_Sheet_Sprite_8.uasset" 87
"C:/Users/al_fe/Documents/Unreal Projects/Platformer/Content/2DSideScrollerBP/Blueprints/2D/Enemies/Military_Incursion_Bot_Sprite_Sheet_Sprite_9.uasset" 88
"C:/Users/al_fe/Documents/Unreal Projects/Platformer/Content/2DSideScrollerBP/Blueprints/2D/Enemies/Skeleton/Death.uasset" 89
"C:/Users/al_fe/Documents/Unreal Projects/Platformer/Content/2DSideScrollerBP/Blueprints/2D/Enemies/Skeleton/Death_Sprite_0.uasset" 90
"C:/Users/al_fe/Documents/Unreal Projects/Platformer/Content/2DSideScrollerBP/Blueprints/2D/Enemies/Skeleton/Death_Sprite_1.uasset" 91
"C:/Users/al_fe/Documents/Unreal Projects/Platformer/Content/2DSideScrollerBP/Blueprints/2D/Enemies/Skeleton/Death_Sprite_2.uasset" 92
"C:/Users/al_fe/Documents/Unreal Projects/Platformer/Content/2DSideScrollerBP/Blueprints/2D/Enemies/Skeleton/Death_Sprite_3.uasset" 93
"C:/Users/al_fe/Documents/Unreal Projects/Platformer/Content/2DSideScrollerBP/Blueprints/2D/Enemies/Skeleton/Death1.uasset" 94
"C:/Users/al_fe/Documents/Unreal Projects/Platformer/Content/2DSideScrollerBP/Blueprints/2D/Enemies/Skeleton/Shield.uasset" 95
"C:/Users/al_fe/Documents/Unreal Projects/Platformer/Content/2DSideScrollerBP/Blueprints/2D/Enemies/Skeleton/Shield_Sprite_0.uasset" 96
"C:/Users/al_fe/Documents/Unreal Projects/Platformer/Content/2DSideScrollerBP/Blueprints/2D/Enemies/Skeleton/Shield_Sprite_1.uasset" 97
"C:/Users/al_fe/Documents/Unreal Projects/Platformer/Content/2DSideScrollerBP/Blueprints/2D/Enemies/Skeleton/Shield_Sprite_2.uasset" 98
"C:/Users/al_fe/Documents/Unreal Projects/Platformer/Content/2DSideScrollerBP/Blueprints/2D/Enemies/Skeleton/Shield_Sprite_3.uasset" 99
"C:/Users/al_fe/Documents/Unreal Projects/Platformer/Content/2DSideScrollerBP/Blueprints/2D/Enemies/Skeleton/Shield1.uasset" 100
"../../../Engine/Content/EditorBlueprintResources/StandardMacros.uasset" 101
"C:/Users/al_fe/Documents/Unreal Projects/Platformer/Content/2DSideScrollerBP/Blueprints/2D/Enemies/Skeleton/Attack.uasset" 102
"C:/Users/al_fe/Documents/Unreal Projects/Platformer/Content/2DSideScrollerBP/Blueprints/2D/Enemies/Skeleton/Attack_Sprite_0.uasset" 103
"C:/Users/al_fe/Documents/Unreal Projects/Platformer/Content/2DSideScrollerBP/Blueprints/2D/Enemies/Skeleton/Attack_Sprite_1.uasset" 104
"C:/Users/al_fe/Documents/Unreal Projects/Platformer/Content/2DSideScrollerBP/Blueprints/2D/Enemies/Skeleton/Attack_Sprite_2.uasset" 105
"C:/Users/al_fe/Documents/Unreal Projects/Platformer/Content/2DSideScrollerBP/Blueprints/2D/Enemies/Skeleton/Attack_Sprite_3.uasset" 106
"C:/Users/al_fe/Documents/Unreal Projects/Platformer/Content/2DSideScrollerBP/Blueprints/2D/Enemies/Skeleton/Attack_Sprite_4.uasset" 107
"C:/Users/al_fe/Documents/Unreal Projects/Platformer/Content/2DSideScrollerBP/Blueprints/2D/Enemies/Skeleton/Attack_Sprite_5.uasset" 108
"C:/Users/al_fe/Documents/Unreal Projects/Platformer/Content/2DSideScrollerBP/Blueprints/2D/Enemies/Skeleton/Attack_Sprite_6.uasset" 109
"C:/Users/al_fe/Documents/Unreal Projects/Platformer/Content/2DSideScrollerBP/Blueprints/2D/Enemies/Skeleton/Attack_Sprite_7.uasset" 110
"C:/Users/al_fe/Documents/Unreal Projects/Platformer/Content/2DSideScrollerBP/Blueprints/2D/Enemies/Skeleton/Attack1.uasset" 111
"C:/Users/al_fe/Documents/Unreal Projects/Platformer/Content/2DSideScrollerBP/Blueprints/2D/Enemies/Skeleton/Idle.uasset" 112
"C:/Users/al_fe/Documents/Unreal Projects/Platformer/Content/2DSideScrollerBP/Blueprints/2D/Enemies/Skeleton/Idle_Sprite_0.uasset" 113
"C:/Users/al_fe/Documents/Unreal Projects/Platformer/Content/2DSideScrollerBP/Blueprints/2D/Enemies/Skeleton/Idle_Sprite_1.uasset" 114
"C:/Users/al_fe/Documents/Unreal Projects/Platformer/Content/2DSideScrollerBP/Blueprints/2D/Enemies/Skeleton/Idle_Sprite_2.uasset" 115
"C:/Users/al_fe/Documents/Unreal Projects/Platformer/Content/2DSideScrollerBP/Blueprints/2D/Enemies/Skeleton/Idle_Sprite_3.uasset" 116
"C:/Users/al_fe/Documents/Unreal Projects/Platformer/Content/2DSideScrollerBP/Blueprints/2D/Enemies/Skeleton/Idle1.uasset" 117
"C:/Users/al_fe/Documents/Unreal Projects/Platformer/Content/2DSideScrollerBP/Blueprints/2D/Enemies/Skeleton/Walk.uasset" 118
"C:/Users/al_fe/Documents/Unreal Projects/Platformer/Content/2DSideScrollerBP/Blueprints/2D/Enemies/Skeleton/Walk_Sprite_0.uasset" 119
"C:/Users/al_fe/Documents/Unreal Projects/Platformer/Content/2DSideScrollerBP/Blueprints/2D/Enemies/Skeleton/Walk_Sprite_1.uasset" 120
"C:/Users/al_fe/Documents/Unreal Projects/Platformer/Content/2DSideScrollerBP/Blueprints/2D/Enemies/Skeleton/Walk_Sprite_2.uasset" 121
"C:/Users/al_fe/Documents/Unreal Projects/Platformer/Content/2DSideScrollerBP/Blueprints/2D/Enemies/Skeleton/Walk_Sprite_3.uasset" 122
"C:/Users/al_fe/Documents/Unreal Projects/Platformer/Content/2DSideScrollerBP/Blueprints/2D/Enemies/Skeleton/Walk1.uasset" 123
"C:/Users/al_fe/Documents/Unreal Projects/Platformer/Content/2DSideScrollerBP/Blueprints/2D/Hit_Hurt37.uasset" 124
"C:/Users/al_fe/Documents/Unreal Projects/Platformer/Content/2DSideScrollerBP/Blueprints/2D/Enemies/Skeleton/Skeleton1.uasset" 125
"C:/Users/al_fe/Documents/Unreal Projects/Platformer/Content/2DSideScrollerBP/Blueprints/2D/Shot/d8mv9pd-16f52364-24a8-44f5-8a5a-a102236e9968_Sprite_22.uasset" 126
"C:/Users/al_fe/Documents/Unreal Projects/Platformer/Content/2DSideScrollerBP/Blueprints/2D/Shot/d8mv9pd-16f52364-24a8-44f5-8a5a-a102236e9968_Sprite_23.uasset" 127
"C:/Users/al_fe/Documents/Unreal Projects/Platformer/Content/2DSideScrollerBP/Blueprints/2D/Shot/d8mv9pd-16f52364-24a8-44f5-8a5a-a102236e9968_Sprite_24.uasset" 128
"C:/Users/al_fe/Documents/Unreal Projects/Platformer/Content/2DSideScrollerBP/Blueprints/2D/Shot/d8mv9pd-16f52364-24a8-44f5-8a5a-a102236e9968_Sprite_25.uasset" 129
"C:/Users/al_fe/Documents/Unreal Projects/Platformer/Content/2DSideScrollerBP/Blueprints/2D/Shot/d8mv9pd-16f52364-24a8-44f5-8a5a-a102236e9968_Sprite_26.uasset" 130
"C:/Users/al_fe/Documents/Unreal Projects/Platformer/Content/2DSideScrollerBP/Blueprints/2D/Shot/d8mv9pd-16f52364-24a8-44f5-8a5a-a102236e9968_Sprite_27.uasset" 131
"C:/Users/al_fe/Documents/Unreal Projects/Platformer/Content/2DSideScrollerBP/Blueprints/2D/Shot/d8mv9pd-16f52364-24a8-44f5-8a5a-a102236e9968_Sprite_28.uasset" 132
"C:/Users/al_fe/Documents/Unreal Projects/Platformer/Content/2DSideScrollerBP/Blueprints/2D/Shot/d8mv9pd-16f52364-24a8-44f5-8a5a-a102236e9968_Sprite_29.uasset" 133
"C:/Users/al_fe/Documents/Unreal Projects/Platformer/Content/2DSideScrollerBP/Blueprints/2D/Shot/bullet.uasset" 134
"C:/Users/al_fe/Documents/Unreal Projects/Platformer/Content/2DSideScrollerBP/Blueprints/2D/Shot/d8mv9pd-16f52364-24a8-44f5-8a5a-a102236e9968_Sprite_123.uasset" 135
"C:/Users/al_fe/Documents/Unreal Projects/Platformer/Content/2DSideScrollerBP/Blueprints/2D/Shot/d8mv9pd-16f52364-24a8-44f5-8a5a-a102236e9968_Sprite_124.uasset" 136
"C:/Users/al_fe/Documents/Unreal Projects/Platformer/Content/2DSideScrollerBP/Blueprints/2D/Shot/d8mv9pd-16f52364-24a8-44f5-8a5a-a102236e9968_Sprite_125.uasset" 137
"C:/Users/al_fe/Documents/Unreal Projects/Platformer/Content/2DSideScrollerBP/Blueprints/2D/Shot/explostion.uasset" 138
"C:/Users/al_fe/Documents/Unreal Projects/Platformer/Content/2DSideScrollerBP/Blueprints/2D/Shot/Bulletshot.uasset" 139
"C:/Users/al_fe/Documents/Unreal Projects/Platformer/Content/2DSideScrollerBP/Blueprints/2D/Character_Sprite_11.uasset" 140
"C:/Users/al_fe/Documents/Unreal Projects/Platformer/Content/2DSideScrollerBP/Blueprints/2D/Character_Sprite_12.uasset" 141
"C:/Users/al_fe/Documents/Unreal Projects/Platformer/Content/2DSideScrollerBP/Blueprints/2D/Character_Sprite_13.uasset" 142
"C:/Users/al_fe/Documents/Unreal Projects/Platformer/Content/2DSideScrollerBP/Blueprints/2D/Attack1.uasset" 143
"C:/Users/al_fe/Documents/Unreal Projects/Platformer/Content/2DSideScrollerBP/Blueprints/2D/Character_Sprite_20.uasset" 144
"C:/Users/al_fe/Documents/Unreal Projects/Platformer/Content/2DSideScrollerBP/Blueprints/2D/Character_Sprite_21.uasset" 145
"C:/Users/al_fe/Documents/Unreal Projects/Platformer/Content/2DSideScrollerBP/Blueprints/2D/Character_Sprite_22.uasset" 146
"C:/Users/al_fe/Documents/Unreal Projects/Platformer/Content/2DSideScrollerBP/Blueprints/2D/Death.uasset" 147
"C:/Users/al_fe/Documents/Unreal Projects/Platformer/Content/2DSideScrollerBP/Blueprints/2D/Character_Sprite_0.uasset" 148
"C:/Users/al_fe/Documents/Unreal Projects/Platformer/Content/2DSideScrollerBP/Blueprints/2D/Character_Sprite_1.uasset" 149
"C:/Users/al_fe/Documents/Unreal Projects/Platformer/Content/2DSideScrollerBP/Blueprints/2D/Character_Sprite_2.uasset" 150
"C:/Users/al_fe/Documents/Unreal Projects/Platformer/Content/2DSideScrollerBP/Blueprints/2D/Idle.uasset" 151
"C:/Users/al_fe/Documents/Unreal Projects/Platformer/Content/2DSideScrollerBP/Blueprints/2D/Character_Sprite_4.uasset" 152
"C:/Users/al_fe/Documents/Unreal Projects/Platformer/Content/2DSideScrollerBP/Blueprints/2D/Jump.uasset" 153
"C:/Users/al_fe/Documents/Unreal Projects/Platformer/Content/2DSideScrollerBP/Blueprints/2D/Character_Sprite_10.uasset" 154
"C:/Users/al_fe/Documents/Unreal Projects/Platformer/Content/2DSideScrollerBP/Blueprints/2D/Character_Sprite_8.uasset" 155
"C:/Users/al_fe/Documents/Unreal Projects/Platformer/Content/2DSideScrollerBP/Blueprints/2D/Character_Sprite_9.uasset" 156
"C:/Users/al_fe/Documents/Unreal Projects/Platformer/Content/2DSideScrollerBP/Blueprints/2D/Running.uasset" 157
"C:/Users/al_fe/Documents/Unreal Projects/Platformer/Content/2DSideScrollerBP/Blueprints/2D/Shot/Randomize.uasset" 158
"C:/Users/al_fe/Documents/Unreal Projects/Platformer/Content/2DSideScrollerBP/Blueprints/Menu/Pause.uasset" 159
"C:/Users/al_fe/Documents/Unreal Projects/Platformer/Content/2DSideScrollerBP/Blueprints/2DSideScrollerCharacter.uasset" 160
"C:/Users/al_fe/Documents/Unreal Projects/Platformer/Content/2DSideScrollerBP/Blueprints/2D/Enemies/Skeleton/Skeleton.uasset" 161
"C:/Users/al_fe/Documents/Unreal Projects/Platformer/Content/2DSideScrollerBP/Blueprints/2D/Enemies/Skeleton/Take_Hit.uasset" 162
"C:/Users/al_fe/Documents/Unreal Projects/Platformer/Content/2DSideScrollerBP/Blueprints/2D/Enemies/Skeleton/Take_Hit_Sprite_0.uasset" 163
"C:/Users/al_fe/Documents/Unreal Projects/Platformer/Content/2DSideScrollerBP/Blueprints/2D/Enemies/Skeleton/Take_Hit_Sprite_1.uasset" 164
"C:/Users/al_fe/Documents/Unreal Projects/Platformer/Content/2DSideScrollerBP/Blueprints/2D/Enemies/Skeleton/Take_Hit_Sprite_2.uasset" 165
"C:/Users/al_fe/Documents/Unreal Projects/Platformer/Content/2DSideScrollerBP/Blueprints/2D/Enemies/Skeleton/Take_Hit_Sprite_3.uasset" 166
"C:/Users/al_fe/Documents/Unreal Projects/Platformer/Content/2DSideScrollerBP/Blueprints/2D/Enemies/Skeleton/Take_Hit1.uasset" 167
"C:/Users/al_fe/Documents/Unreal Projects/Platformer/Content/2DSideScrollerBP/Blueprints/2D/Redhood/red_hood_itch_free_Copy-Sheet_Sprite_25.uasset" 168
"C:/Users/al_fe/Documents/Unreal Projects/Platformer/Content/2DSideScrollerBP/Blueprints/2D/Redhood/red_hood_itch_free_Copy-Sheet_Sprite_26.uasset" 169
"C:/Users/al_fe/Documents/Unreal Projects/Platformer/Content/2DSideScrollerBP/Blueprints/2D/Redhood/red_hood_itch_free_Copy-Sheet_Sprite_27.uasset" 170
"C:/Users/al_fe/Documents/Unreal Projects/Platformer/Content/2DSideScrollerBP/Blueprints/2D/Redhood/red_hood_itch_free_Copy-Sheet_Sprite_28.uasset" 171
"C:/Users/al_fe/Documents/Unreal Projects/Platformer/Content/2DSideScrollerBP/Blueprints/2D/Redhood/red_hood_itch_free_Copy-Sheet_Sprite_29.uasset" 172
"C:/Users/al_fe/Documents/Unreal Projects/Platformer/Content/2DSideScrollerBP/Blueprints/2D/Redhood/red_hood_itch_free_Copy-Sheet_Sprite_30.uasset" 173
"C:/Users/al_fe/Documents/Unreal Projects/Platformer/Content/2DSideScrollerBP/Blueprints/2D/Redhood/red_hood_itch_free_Copy-Sheet_Sprite_31.uasset" 174
"C:/Users/al_fe/Documents/Unreal Projects/Platformer/Content/2DSideScrollerBP/Blueprints/2D/Redhood/red_hood_itch_free_Copy-Sheet_Sprite_32.uasset" 175
"C:/Users/al_fe/Documents/Unreal Projects/Platformer/Content/2DSideScrollerBP/Blueprints/2D/Redhood/red_hood_itch_free_Copy-Sheet_Sprite_33.uasset" 176
"C:/Users/al_fe/Documents/Unreal Projects/Platformer/Content/2DSideScrollerBP/Blueprints/2D/Redhood/Arrow.uasset" 177
"C:/Users/al_fe/Documents/Unreal Projects/Platformer/Content/2DSideScrollerBP/Blueprints/2D/Redhood/red_hood_itch_free_Copy-Sheet_Sprite_34.uasset" 178
"C:/Users/al_fe/Documents/Unreal Projects/Platformer/Content/2DSideScrollerBP/Blueprints/2D/Redhood/red_hood_itch_free_Copy-Sheet_Sprite_35.uasset" 179
"C:/Users/al_fe/Documents/Unreal Projects/Platformer/Content/2DSideScrollerBP/Blueprints/2D/Redhood/red_hood_itch_free_Copy-Sheet_Sprite_36.uasset" 180
"C:/Users/al_fe/Documents/Unreal Projects/Platformer/Content/2DSideScrollerBP/Blueprints/2D/Redhood/red_hood_itch_free_Copy-Sheet_Sprite_37.uasset" 181
"C:/Users/al_fe/Documents/Unreal Projects/Platformer/Content/2DSideScrollerBP/Blueprints/2D/Redhood/red_hood_itch_free_Copy-Sheet_Sprite_38.uasset" 182
"C:/Users/al_fe/Documents/Unreal Projects/Platformer/Content/2DSideScrollerBP/Blueprints/2D/Redhood/red_hood_itch_free_Copy-Sheet_Sprite_39.uasset" 183
"C:/Users/al_fe/Documents/Unreal Projects/Platformer/Content/2DSideScrollerBP/Blueprints/2D/Redhood/red_hood_itch_free_Copy-Sheet_Sprite_40.uasset" 184
"C:/Users/al_fe/Documents/Unreal Projects/Platformer/Content/2DSideScrollerBP/Blueprints/2D/Redhood/red_hood_itch_free_Copy-Sheet_Sprite_41.uasset" 185
"C:/Users/al_fe/Documents/Unreal Projects/Platformer/Content/2DSideScrollerBP/Blueprints/2D/Redhood/red_hood_itch_free_Copy-Sheet_Sprite_42.uasset" 186
"C:/Users/al_fe/Documents/Unreal Projects/Platformer/Content/2DSideScrollerBP/Blueprints/2D/Redhood/red_hood_itch_free_Copy-Sheet_Sprite_43.uasset" 187
"C:/Users/al_fe/Documents/Unreal Projects/Platformer/Content/2DSideScrollerBP/Blueprints/2D/Redhood/red_hood_itch_free_Copy-Sheet_Sprite_44.uasset" 188
"C:/Users/al_fe/Documents/Unreal Projects/Platformer/Content/2DSideScrollerBP/Blueprints/2D/Redhood/red_hood_itch_free_Copy-Sheet_Sprite_45.uasset" 189
"C:/Users/al_fe/Documents/Unreal Projects/Platformer/Content/2DSideScrollerBP/Blueprints/2D/Redhood/red_hood_itch_free_Copy-Sheet_Sprite_46.uasset" 190
"C:/Users/al_fe/Documents/Unreal Projects/Platformer/Content/2DSideScrollerBP/Blueprints/2D/Redhood/red_hood_itch_free_Copy-Sheet_Sprite_47.uasset" 191
"C:/Users/al_fe/Documents/Unreal Projects/Platformer/Content/2DSideScrollerBP/Blueprints/2D/Redhood/red_hood_itch_free_Copy-Sheet_Sprite_48.uasset" 192
"C:/Users/al_fe/Documents/Unreal Projects/Platformer/Content/2DSideScrollerBP/Blueprints/2D/Redhood/red_hood_itch_free_Copy-Sheet_Sprite_49.uasset" 193
"C:/Users/al_fe/Documents/Unreal Projects/Platformer/Content/2DSideScrollerBP/Blueprints/2D/Redhood/red_hood_itch_free_Copy-Sheet_Sprite_50.uasset" 194
"C:/Users/al_fe/Documents/Unreal Projects/Platformer/Content/2DSideScrollerBP/Blueprints/2D/Redhood/red_hood_itch_free_Copy-Sheet_Sprite_51.uasset" 195
"C:/Users/al_fe/Documents/Unreal Projects/Platformer/Content/2DSideScrollerBP/Blueprints/2D/Redhood/RedJump.uasset" 196
"C:/Users/al_fe/Documents/Unreal Projects/Platformer/Content/2DSideScrollerBP/Blueprints/2D/Redhood/red_hood_itch_free_Copy-Sheet_Sprite_0.uasset" 197
"C:/Users/al_fe/Documents/Unreal Projects/Platformer/Content/2DSideScrollerBP/Blueprints/2D/Redhood/red_hood_itch_free_Copy-Sheet_Sprite_1.uasset" 198
"C:/Users/al_fe/Documents/Unreal Projects/Platformer/Content/2DSideScrollerBP/Blueprints/2D/Redhood/red_hood_itch_free_Copy-Sheet_Sprite_10.uasset" 199
"C:/Users/al_fe/Documents/Unreal Projects/Platformer/Content/2DSideScrollerBP/Blueprints/2D/Redhood/red_hood_itch_free_Copy-Sheet_Sprite_11.uasset" 200
"C:/Users/al_fe/Documents/Unreal Projects/Platformer/Content/2DSideScrollerBP/Blueprints/2D/Redhood/red_hood_itch_free_Copy-Sheet_Sprite_12.uasset" 201
"C:/Users/al_fe/Documents/Unreal Projects/Platformer/Content/2DSideScrollerBP/Blueprints/2D/Redhood/red_hood_itch_free_Copy-Sheet_Sprite_13.uasset" 202
"C:/Users/al_fe/Documents/Unreal Projects/Platformer/Content/2DSideScrollerBP/Blueprints/2D/Redhood/red_hood_itch_free_Copy-Sheet_Sprite_14.uasset" 203
"C:/Users/al_fe/Documents/Unreal Projects/Platformer/Content/2DSideScrollerBP/Blueprints/2D/Redhood/red_hood_itch_free_Copy-Sheet_Sprite_15.uasset" 204
"C:/Users/al_fe/Documents/Unreal Projects/Platformer/Content/2DSideScrollerBP/Blueprints/2D/Redhood/red_hood_itch_free_Copy-Sheet_Sprite_16.uasset" 205
"C:/Users/al_fe/Documents/Unreal Projects/Platformer/Content/2DSideScrollerBP/Blueprints/2D/Redhood/red_hood_itch_free_Copy-Sheet_Sprite_17.uasset" 206
"C:/Users/al_fe/Documents/Unreal Projects/Platformer/Content/2DSideScrollerBP/Blueprints/2D/Redhood/red_hood_itch_free_Copy-Sheet_Sprite_18.uasset" 207
"C:/Users/al_fe/Documents/Unreal Projects/Platformer/Content/2DSideScrollerBP/Blueprints/2D/Redhood/red_hood_itch_free_Copy-Sheet_Sprite_19.uasset" 208
"C:/Users/al_fe/Documents/Unreal Projects/Platformer/Content/2DSideScrollerBP/Blueprints/2D/Redhood/red_hood_itch_free_Copy-Sheet_Sprite_2.uasset" 209
"C:/Users/al_fe/Documents/Unreal Projects/Platformer/Content/2DSideScrollerBP/Blueprints/2D/Redhood/red_hood_itch_free_Copy-Sheet_Sprite_20.uasset" 210
"C:/Users/al_fe/Documents/Unreal Projects/Platformer/Content/2DSideScrollerBP/Blueprints/2D/Redhood/red_hood_itch_free_Copy-Sheet_Sprite_21.uasset" 211
"C:/Users/al_fe/Documents/Unreal Projects/Platformer/Content/2DSideScrollerBP/Blueprints/2D/Redhood/red_hood_itch_free_Copy-Sheet_Sprite_22.uasset" 212
"C:/Users/al_fe/Documents/Unreal Projects/Platformer/Content/2DSideScrollerBP/Blueprints/2D/Redhood/red_hood_itch_free_Copy-Sheet_Sprite_23.uasset" 213
"C:/Users/al_fe/Documents/Unreal Projects/Platformer/Content/2DSideScrollerBP/Blueprints/2D/Redhood/red_hood_itch_free_Copy-Sheet_Sprite_24.uasset" 214
"C:/Users/al_fe/Documents/Unreal Projects/Platformer/Content/2DSideScrollerBP/Blueprints/2D/Redhood/red_hood_itch_free_Copy-Sheet_Sprite_3.uasset" 215
"C:/Users/al_fe/Documents/Unreal Projects/Platformer/Content/2DSideScrollerBP/Blueprints/2D/Redhood/red_hood_itch_free_Copy-Sheet_Sprite_4.uasset" 216
"C:/Users/al_fe/Documents/Unreal Projects/Platformer/Content/2DSideScrollerBP/Blueprints/2D/Redhood/red_hood_itch_free_Copy-Sheet_Sprite_5.uasset" 217
"C:/Users/al_fe/Documents/Unreal Projects/Platformer/Content/2DSideScrollerBP/Blueprints/2D/Redhood/red_hood_itch_free_Copy-Sheet_Sprite_6.uasset" 218
"C:/Users/al_fe/Documents/Unreal Projects/Platformer/Content/2DSideScrollerBP/Blueprints/2D/Redhood/red_hood_itch_free_Copy-Sheet_Sprite_7.uasset" 219
"C:/Users/al_fe/Documents/Unreal Projects/Platformer/Content/2DSideScrollerBP/Blueprints/2D/Redhood/red_hood_itch_free_Copy-Sheet_Sprite_8.uasset" 220
"C:/Users/al_fe/Documents/Unreal Projects/Platformer/Content/2DSideScrollerBP/Blueprints/2D/Redhood/red_hood_itch_free_Copy-Sheet_Sprite_9.uasset" 221
"C:/Users/al_fe/Documents/Unreal Projects/Platformer/Content/2DSideScrollerBP/Blueprints/2D/Redhood/RedWalk.uasset" 222
"C:/Users/al_fe/Documents/Unreal Projects/Platformer/Content/2DSideScrollerBP/Blueprints/2D/Redhood/red_hood_itch_free_Copy-Sheet.uasset" 223
"C:/Users/al_fe/Documents/Unreal Projects/Platformer/Content/2DSideScrollerBP/Blueprints/2D/Redhood/red_hood_itch_free_Copy-Sheet_Sprite_100.uasset" 224
"C:/Users/al_fe/Documents/Unreal Projects/Platformer/Content/2DSideScrollerBP/Blueprints/2D/Redhood/red_hood_itch_free_Copy-Sheet_Sprite_101.uasset" 225
"C:/Users/al_fe/Documents/Unreal Projects/Platformer/Content/2DSideScrollerBP/Blueprints/2D/Redhood/red_hood_itch_free_Copy-Sheet_Sprite_102.uasset" 226
"C:/Users/al_fe/Documents/Unreal Projects/Platformer/Content/2DSideScrollerBP/Blueprints/2D/Redhood/red_hood_itch_free_Copy-Sheet_Sprite_103.uasset" 227
"C:/Users/al_fe/Documents/Unreal Projects/Platformer/Content/2DSideScrollerBP/Blueprints/2D/Redhood/red_hood_itch_free_Copy-Sheet_Sprite_104.uasset" 228
"C:/Users/al_fe/Documents/Unreal Projects/Platformer/Content/2DSideScrollerBP/Blueprints/2D/Redhood/red_hood_itch_free_Copy-Sheet_Sprite_105.uasset" 229
"C:/Users/al_fe/Documents/Unreal Projects/Platformer/Content/2DSideScrollerBP/Blueprints/2D/Redhood/red_hood_itch_free_Copy-Sheet_Sprite_106.uasset" 230
"C:/Users/al_fe/Documents/Unreal Projects/Platformer/Content/2DSideScrollerBP/Blueprints/2D/Redhood/red_hood_itch_free_Copy-Sheet_Sprite_107.uasset" 231
"C:/Users/al_fe/Documents/Unreal Projects/Platformer/Content/2DSideScrollerBP/Blueprints/2D/Redhood/red_hood_itch_free_Copy-Sheet_Sprite_108.uasset" 232
"C:/Users/al_fe/Documents/Unreal Projects/Platformer/Content/2DSideScrollerBP/Blueprints/2D/Redhood/red_hood_itch_free_Copy-Sheet_Sprite_109.uasset" 233
"C:/Users/al_fe/Documents/Unreal Projects/Platformer/Content/2DSideScrollerBP/Blueprints/2D/Redhood/red_hood_itch_free_Copy-Sheet_Sprite_110.uasset" 234
"C:/Users/al_fe/Documents/Unreal Projects/Platformer/Content/2DSideScrollerBP/Blueprints/2D/Redhood/red_hood_itch_free_Copy-Sheet_Sprite_111.uasset" 235
"C:/Users/al_fe/Documents/Unreal Projects/Platformer/Content/2DSideScrollerBP/Blueprints/2D/Redhood/red_hood_itch_free_Copy-Sheet_Sprite_112.uasset" 236
"C:/Users/al_fe/Documents/Unreal Projects/Platformer/Content/2DSideScrollerBP/Blueprints/2D/Redhood/red_hood_itch_free_Copy-Sheet_Sprite_113.uasset" 237
"C:/Users/al_fe/Documents/Unreal Projects/Platformer/Content/2DSideScrollerBP/Blueprints/2D/Redhood/red_hood_itch_free_Copy-Sheet_Sprite_114.uasset" 238
"C:/Users/al_fe/Documents/Unreal Projects/Platformer/Content/2DSideScrollerBP/Blueprints/2D/Redhood/red_hood_itch_free_Copy-Sheet_Sprite_115.uasset" 239
"C:/Users/al_fe/Documents/Unreal Projects/Platformer/Content/2DSideScrollerBP/Blueprints/2D/Redhood/red_hood_itch_free_Copy-Sheet_Sprite_116.uasset" 240
"C:/Users/al_fe/Documents/Unreal Projects/Platformer/Content/2DSideScrollerBP/Blueprints/2D/Redhood/red_hood_itch_free_Copy-Sheet_Sprite_117.uasset" 241
"C:/Users/al_fe/Documents/Unreal Projects/Platformer/Content/2DSideScrollerBP/Blueprints/2D/Redhood/red_hood_itch_free_Copy-Sheet_Sprite_118.uasset" 242
"C:/Users/al_fe/Documents/Unreal Projects/Platformer/Content/2DSideScrollerBP/Blueprints/2D/Redhood/red_hood_itch_free_Copy-Sheet_Sprite_119.uasset" 243
"C:/Users/al_fe/Documents/Unreal Projects/Platformer/Content/2DSideScrollerBP/Blueprints/2D/Redhood/red_hood_itch_free_Copy-Sheet_Sprite_120.uasset" 244
"C:/Users/al_fe/Documents/Unreal Projects/Platformer/Content/2DSideScrollerBP/Blueprints/2D/Redhood/red_hood_itch_free_Copy-Sheet_Sprite_121.uasset" 245
"C:/Users/al_fe/Documents/Unreal Projects/Platformer/Content/2DSideScrollerBP/Blueprints/2D/Redhood/red_hood_itch_free_Copy-Sheet_Sprite_122.uasset" 246
"C:/Users/al_fe/Documents/Unreal Projects/Platformer/Content/2DSideScrollerBP/Blueprints/2D/Redhood/red_hood_itch_free_Copy-Sheet_Sprite_123.uasset" 247
"C:/Users/al_fe/Documents/Unreal Projects/Platformer/Content/2DSideScrollerBP/Blueprints/2D/Redhood/red_hood_itch_free_Copy-Sheet_Sprite_124.uasset" 248
"C:/Users/al_fe/Documents/Unreal Projects/Platformer/Content/2DSideScrollerBP/Blueprints/2D/Redhood/red_hood_itch_free_Copy-Sheet_Sprite_125.uasset" 249
"C:/Users/al_fe/Documents/Unreal Projects/Platformer/Content/2DSideScrollerBP/Blueprints/2D/Redhood/red_hood_itch_free_Copy-Sheet_Sprite_126.uasset" 250
"C:/Users/al_fe/Documents/Unreal Projects/Platformer/Content/2DSideScrollerBP/Blueprints/2D/Redhood/red_hood_itch_free_Copy-Sheet_Sprite_52.uasset" 251
"C:/Users/al_fe/Documents/Unreal Projects/Platformer/Content/2DSideScrollerBP/Blueprints/2D/Redhood/red_hood_itch_free_Copy-Sheet_Sprite_53.uasset" 252
"C:/Users/al_fe/Documents/Unreal Projects/Platformer/Content/2DSideScrollerBP/Blueprints/2D/Redhood/red_hood_itch_free_Copy-Sheet_Sprite_54.uasset" 253
"C:/Users/al_fe/Documents/Unreal Projects/Platformer/Content/2DSideScrollerBP/Blueprints/2D/Redhood/red_hood_itch_free_Copy-Sheet_Sprite_55.uasset" 254
"C:/Users/al_fe/Documents/Unreal Projects/Platformer/Content/2DSideScrollerBP/Blueprints/2D/Redhood/red_hood_itch_free_Copy-Sheet_Sprite_56.uasset" 255
"C:/Users/al_fe/Documents/Unreal Projects/Platformer/Content/2DSideScrollerBP/Blueprints/2D/Redhood/red_hood_itch_free_Copy-Sheet_Sprite_57.uasset" 256
"C:/Users/al_fe/Documents/Unreal Projects/Platformer/Content/2DSideScrollerBP/Blueprints/2D/Redhood/red_hood_itch_free_Copy-Sheet_Sprite_58.uasset" 257
"C:/Users/al_fe/Documents/Unreal Projects/Platformer/Content/2DSideScrollerBP/Blueprints/2D/Redhood/red_hood_itch_free_Copy-Sheet_Sprite_59.uasset" 258
"C:/Users/al_fe/Documents/Unreal Projects/Platformer/Content/2DSideScrollerBP/Blueprints/2D/Redhood/red_hood_itch_free_Copy-Sheet_Sprite_60.uasset" 259
"C:/Users/al_fe/Documents/Unreal Projects/Platformer/Content/2DSideScrollerBP/Blueprints/2D/Redhood/red_hood_itch_free_Copy-Sheet_Sprite_61.uasset" 260
"C:/Users/al_fe/Documents/Unreal Projects/Platformer/Content/2DSideScrollerBP/Blueprints/2D/Redhood/red_hood_itch_free_Copy-Sheet_Sprite_62.uasset" 261
"C:/Users/al_fe/Documents/Unreal Projects/Platformer/Content/2DSideScrollerBP/Blueprints/2D/Redhood/red_hood_itch_free_Copy-Sheet_Sprite_63.uasset" 262
"C:/Users/al_fe/Documents/Unreal Projects/Platformer/Content/2DSideScrollerBP/Blueprints/2D/Redhood/red_hood_itch_free_Copy-Sheet_Sprite_64.uasset" 263
"C:/Users/al_fe/Documents/Unreal Projects/Platformer/Content/2DSideScrollerBP/Blueprints/2D/Redhood/red_hood_itch_free_Copy-Sheet_Sprite_65.uasset" 264
"C:/Users/al_fe/Documents/Unreal Projects/Platformer/Content/2DSideScrollerBP/Blueprints/2D/Redhood/red_hood_itch_free_Copy-Sheet_Sprite_66.uasset" 265
"C:/Users/al_fe/Documents/Unreal Projects/Platformer/Content/2DSideScrollerBP/Blueprints/2D/Redhood/red_hood_itch_free_Copy-Sheet_Sprite_67.uasset" 266
"C:/Users/al_fe/Documents/Unreal Projects/Platformer/Content/2DSideScrollerBP/Blueprints/2D/Redhood/red_hood_itch_free_Copy-Sheet_Sprite_68.uasset" 267
"C:/Users/al_fe/Documents/Unreal Projects/Platformer/Content/2DSideScrollerBP/Blueprints/2D/Redhood/red_hood_itch_free_Copy-Sheet_Sprite_69.uasset" 268
"C:/Users/al_fe/Documents/Unreal Projects/Platformer/Content/2DSideScrollerBP/Blueprints/2D/Redhood/red_hood_itch_free_Copy-Sheet_Sprite_70.uasset" 269
"C:/Users/al_fe/Documents/Unreal Projects/Platformer/Content/2DSideScrollerBP/Blueprints/2D/Redhood/red_hood_itch_free_Copy-Sheet_Sprite_71.uasset" 270
"C:/Users/al_fe/Documents/Unreal Projects/Platformer/Content/2DSideScrollerBP/Blueprints/2D/Redhood/red_hood_itch_free_Copy-Sheet_Sprite_72.uasset" 271
"C:/Users/al_fe/Documents/Unreal Projects/Platformer/Content/2DSideScrollerBP/Blueprints/2D/Redhood/red_hood_itch_free_Copy-Sheet_Sprite_73.uasset" 272
"C:/Users/al_fe/Documents/Unreal Projects/Platformer/Content/2DSideScrollerBP/Blueprints/2D/Redhood/red_hood_itch_free_Copy-Sheet_Sprite_74.uasset" 273
"C:/Users/al_fe/Documents/Unreal Projects/Platformer/Content/2DSideScrollerBP/Blueprints/2D/Redhood/red_hood_itch_free_Copy-Sheet_Sprite_75.uasset" 274
"C:/Users/al_fe/Documents/Unreal Projects/Platformer/Content/2DSideScrollerBP/Blueprints/2D/Redhood/red_hood_itch_free_Copy-Sheet_Sprite_76.uasset" 275
"C:/Users/al_fe/Documents/Unreal Projects/Platformer/Content/2DSideScrollerBP/Blueprints/2D/Redhood/red_hood_itch_free_Copy-Sheet_Sprite_77.uasset" 276
"C:/Users/al_fe/Documents/Unreal Projects/Platformer/Content/2DSideScrollerBP/Blueprints/2D/Redhood/red_hood_itch_free_Copy-Sheet_Sprite_78.uasset" 277
"C:/Users/al_fe/Documents/Unreal Projects/Platformer/Content/2DSideScrollerBP/Blueprints/2D/Redhood/red_hood_itch_free_Copy-Sheet_Sprite_79.uasset" 278
"C:/Users/al_fe/Documents/Unreal Projects/Platformer/Content/2DSideScrollerBP/Blueprints/2D/Redhood/red_hood_itch_free_Copy-Sheet_Sprite_80.uasset" 279
"C:/Users/al_fe/Documents/Unreal Projects/Platformer/Content/2DSideScrollerBP/Blueprints/2D/Redhood/red_hood_itch_free_Copy-Sheet_Sprite_81.uasset" 280
"C:/Users/al_fe/Documents/Unreal Projects/Platformer/Content/2DSideScrollerBP/Blueprints/2D/Redhood/red_hood_itch_free_Copy-Sheet_Sprite_82.uasset" 281
"C:/Users/al_fe/Documents/Unreal Projects/Platformer/Content/2DSideScrollerBP/Blueprints/2D/Redhood/red_hood_itch_free_Copy-Sheet_Sprite_83.uasset" 282
"C:/Users/al_fe/Documents/Unreal Projects/Platformer/Content/2DSideScrollerBP/Blueprints/2D/Redhood/red_hood_itch_free_Copy-Sheet_Sprite_84.uasset" 283
"C:/Users/al_fe/Documents/Unreal Projects/Platformer/Content/2DSideScrollerBP/Blueprints/2D/Redhood/red_hood_itch_free_Copy-Sheet_Sprite_85.uasset" 284
"C:/Users/al_fe/Documents/Unreal Projects/Platformer/Content/2DSideScrollerBP/Blueprints/2D/Redhood/red_hood_itch_free_Copy-Sheet_Sprite_86.uasset" 285
"C:/Users/al_fe/Documents/Unreal Projects/Platformer/Content/2DSideScrollerBP/Blueprints/2D/Redhood/red_hood_itch_free_Copy-Sheet_Sprite_87.uasset" 286
"C:/Users/al_fe/Documents/Unreal Projects/Platformer/Content/2DSideScrollerBP/Blueprints/2D/Redhood/red_hood_itch_free_Copy-Sheet_Sprite_88.uasset" 287
"C:/Users/al_fe/Documents/Unreal Projects/Platformer/Content/2DSideScrollerBP/Blueprints/2D/Redhood/red_hood_itch_free_Copy-Sheet_Sprite_89.uasset" 288
"C:/Users/al_fe/Documents/Unreal Projects/Platformer/Content/2DSideScrollerBP/Blueprints/2D/Redhood/red_hood_itch_free_Copy-Sheet_Sprite_90.uasset" 289
"C:/Users/al_fe/Documents/Unreal Projects/Platformer/Content/2DSideScrollerBP/Blueprints/2D/Redhood/red_hood_itch_free_Copy-Sheet_Sprite_91.uasset" 290
"C:/Users/al_fe/Documents/Unreal Projects/Platformer/Content/2DSideScrollerBP/Blueprints/2D/Redhood/red_hood_itch_free_Copy-Sheet_Sprite_92.uasset" 291
"C:/Users/al_fe/Documents/Unreal Projects/Platformer/Content/2DSideScrollerBP/Blueprints/2D/Redhood/red_hood_itch_free_Copy-Sheet_Sprite_93.uasset" 292
"C:/Users/al_fe/Documents/Unreal Projects/Platformer/Content/2DSideScrollerBP/Blueprints/2D/Redhood/red_hood_itch_free_Copy-Sheet_Sprite_94.uasset" 293
"C:/Users/al_fe/Documents/Unreal Projects/Platformer/Content/2DSideScrollerBP/Blueprints/2D/Redhood/red_hood_itch_free_Copy-Sheet_Sprite_95.uasset" 294
"C:/Users/al_fe/Documents/Unreal Projects/Platformer/Content/2DSideScrollerBP/Blueprints/2D/Redhood/red_hood_itch_free_Copy-Sheet_Sprite_96.uasset" 295
"C:/Users/al_fe/Documents/Unreal Projects/Platformer/Content/2DSideScrollerBP/Blueprints/2D/Redhood/red_hood_itch_free_Copy-Sheet_Sprite_97.uasset" 296
"C:/Users/al_fe/Documents/Unreal Projects/Platformer/Content/2DSideScrollerBP/Blueprints/2D/Redhood/red_hood_itch_free_Copy-Sheet_Sprite_98.uasset" 297
"C:/Users/al_fe/Documents/Unreal Projects/Platformer/Content/2DSideScrollerBP/Blueprints/2D/Redhood/red_hood_itch_free_Copy-Sheet_Sprite_99.uasset" 298
"C:/Users/al_fe/Documents/Unreal Projects/Platformer/Content/2DSideScrollerBP/Blueprints/2D/Shot/d8mv9pd-16f52364-24a8-44f5-8a5a-a102236e9968.uasset" 299
"C:/Users/al_fe/Documents/Unreal Projects/Platformer/Content/2DSideScrollerBP/Blueprints/2D/Shot/d8mv9pd-16f52364-24a8-44f5-8a5a-a102236e9968_Sprite_30.uasset" 300
"C:/Users/al_fe/Documents/Unreal Projects/Platformer/Content/2DSideScrollerBP/Blueprints/2D/Shot/d8mv9pd-16f52364-24a8-44f5-8a5a-a102236e9968_Sprite_31.uasset" 301
"C:/Users/al_fe/Documents/Unreal Projects/Platformer/Content/2DSideScrollerBP/Blueprints/2D/Shot/d8mv9pd-16f52364-24a8-44f5-8a5a-a102236e9968_Sprite_32.uasset" 302
"C:/Users/al_fe/Documents/Unreal Projects/Platformer/Content/2DSideScrollerBP/Blueprints/2D/Shot/d8mv9pd-16f52364-24a8-44f5-8a5a-a102236e9968_Sprite_33.uasset" 303
"C:/Users/al_fe/Documents/Unreal Projects/Platformer/Content/2DSideScrollerBP/Blueprints/2D/Shot/d8mv9pd-16f52364-24a8-44f5-8a5a-a102236e9968_Sprite_34.uasset" 304
"C:/Users/al_fe/Documents/Unreal Projects/Platformer/Content/2DSideScrollerBP/Blueprints/2D/Shot/d8mv9pd-16f52364-24a8-44f5-8a5a-a102236e9968_Sprite_35.uasset" 305
"C:/Users/al_fe/Documents/Unreal Projects/Platformer/Content/2DSideScrollerBP/Blueprints/2D/Shot/d8mv9pd-16f52364-24a8-44f5-8a5a-a102236e9968_Sprite_36.uasset" 306
"C:/Users/al_fe/Documents/Unreal Projects/Platformer/Content/2DSideScrollerBP/Blueprints/2D/Shot/d8mv9pd-16f52364-24a8-44f5-8a5a-a102236e9968_Sprite_37.uasset" 307
"C:/Users/al_fe/Documents/Unreal Projects/Platformer/Content/2DSideScrollerBP/Blueprints/Coin/slcoin2.uasset" 308
"C:/Users/al_fe/Documents/Unreal Projects/Platformer/Content/2DSideScrollerBP/Blueprints/Enemies/Skeleton/Skeleton1.uasset" 309
"C:/Users/al_fe/Documents/Unreal Projects/Platformer/Content/2DSideScrollerBP/Blueprints/Ladders/PngItem_986054.uasset" 310
"C:/Users/al_fe/Documents/Unreal Projects/Platformer/Content/2DSideScrollerBP/Blueprints/Ladders/PngItem_986054_Sprite_1.uasset" 311
"C:/Users/al_fe/Documents/Unreal Projects/Platformer/Content/2DSideScrollerBP/Blueprints/Ladders/PngItem_986054_Sprite_2.uasset" 312
"C:/Users/al_fe/Documents/Unreal Projects/Platformer/Content/2DSideScrollerBP/Blueprints/Ladders/PngItem_986054_Sprite_3.uasset" 313
"C:/Users/al_fe/Documents/Unreal Projects/Platformer/Content/2DSideScrollerBP/Blueprints/Ladders/PngItem_986054_Sprite_4.uasset" 314
"C:/Users/al_fe/Documents/Unreal Projects/Platformer/Content/2DSideScrollerBP/Blueprints/Ladders/PngItem_986054_Sprite_5.uasset" 315
"C:/Users/al_fe/Documents/Unreal Projects/Platformer/Content/2DSideScrollerBP/Blueprints/Menu/download.uasset" 316
"../../../Engine/Content/Animation/DefaultAnimCurveCompressionSettings.uasset" 317
"../../../Engine/Content/Functions/Engine_MaterialFunctions01/Opacity/CameraDepthFade.uasset" 318
"../../../Engine/Content/EngineMaterials/T_Default_Material_Grid_M.uasset" 319
"../../../Engine/Content/EngineMaterials/T_Default_Material_Grid_N.uasset" 320
"../../../Engine/Content/EngineMaterials/WorldGridMaterial.uasset" 321
"../../../Engine/Content/ArtTools/RenderToTexture/Meshes/S_1_Unit_Plane.uasset" 322
"../../../Engine/Content/EngineMaterials/DefaultMaterial.uasset" 323
"../../../Engine/Content/BasicShapes/Cone.uasset" 324
"../../../Engine/Content/BasicShapes/Cube.uasset" 325
"../../../Engine/Content/BasicShapes/Cylinder.uasset" 326
"../../../Engine/Content/BasicShapes/Plane.uasset" 327
"../../../Engine/Content/BasicShapes/Sphere.uasset" 328
"../../../Engine/Content/EditorLandscapeResources/DataLayer.uasset" 329
"../../../Engine/Content/EditorMaterials/MAT_Groups_Toggle.uasset" 330
"../../../Engine/Content/EditorMaterials/MAT_Groups_Visibility.uasset" 331
"../../../Engine/Content/EditorMaterials/PreviewShadowIndicator.uasset" 332
"../../../Engine/Content/EditorMaterials/PreviewShadowIndicatorMaterial.uasset" 333
"../../../Engine/Content/EditorMaterials/MatineeGroups/MAT_ColorTrack.uasset" 334
"../../../Engine/Content/EditorMaterials/MatineeGroups/MAT_Groups_Anim.uasset" 335
"../../../Engine/Content/EditorMaterials/MatineeGroups/MAT_Groups_AudioMaster.uasset" 336
"../../../Engine/Content/EditorMaterials/MatineeGroups/MAT_Groups_Director.uasset" 337
"../../../Engine/Content/EditorMaterials/MatineeGroups/MAT_Groups_Event.uasset" 338
"../../../Engine/Content/EditorMaterials/MatineeGroups/MAT_Groups_Fade.uasset" 339
"../../../Engine/Content/EditorMaterials/MatineeGroups/MAT_Groups_Float.uasset" 340
"../../../Engine/Content/EditorMaterials/MatineeGroups/MAT_Groups_Move.uasset" 341
"../../../Engine/Content/EditorMaterials/MatineeGroups/MAT_Groups_Slomo.uasset" 342
"../../../Engine/Content/EditorMaterials/MatineeGroups/MAT_Groups_Sound.uasset" 343
"../../../Engine/Content/EditorMaterials/MatineeGroups/MAT_Groups_Vector.uasset" 344
"../../../Engine/Content/EditorMaterials/ParticleSystems/PSysThumbnail_NoImage.uasset" 345
"../../../Engine/Content/EditorMaterials/ParticleSystems/PSysThumbnail_OOD.uasset" 346
"../../../Engine/Content/EditorMaterials/Camera/CineMat.uasset" 347
"../../../Engine/Content/EditorMaterials/Camera/MI_CineMat_Rig.uasset" 348
"../../../Engine/Content/EditorMeshes/Camera/SM_CraneRig_Arm.uasset" 349
"../../../Engine/Content/EditorMeshes/Camera/SM_CraneRig_Base.uasset" 350
"../../../Engine/Content/EditorMeshes/Camera/SM_CraneRig_Body.uasset" 351
"../../../Engine/Content/EditorMeshes/Camera/SM_CraneRig_Mount.uasset" 352
"../../../Engine/Content/EditorMeshes/Camera/SM_RailRig_Mount.uasset" 353
"../../../Engine/Content/EditorMeshes/Camera/SM_RailRig_Track.uasset" 354
"../../../Engine/Content/EditorResources/BSPVertex.uasset" 355
"../../../Engine/Content/EditorResources/EmptyActor.uasset" 356
"../../../Engine/Content/EditorResources/S_Actor.uasset" 357
"../../../Engine/Content/EditorResources/S_Note.uasset" 358
"../../../Engine/Content/EditorResources/S_Solver.uasset" 359
"../../../Engine/Content/EditorResources/S_Trigger.uasset" 360
"../../../Engine/Content/EditorResources/SequenceRecorder/Countdown.uasset" 361
"../../../Engine/Content/EditorResources/SequenceRecorder/RecordingIndicator.uasset" 362
"../../../Engine/Content/EditorSounds/Notifications/CompileFailed.uasset" 363
"../../../Engine/Content/EditorSounds/Notifications/CompileFailed_Cue.uasset" 364
"../../../Engine/Content/EditorSounds/Notifications/CompileSuccess.uasset" 365
"../../../Engine/Content/EditorSounds/Notifications/CompileStart_Cue.uasset" 366
"../../../Engine/Content/EditorSounds/Notifications/CompileSuccess_Cue.uasset" 367
"../../../Engine/Content/EngineDamageTypes/DmgTypeBP_Environmental.uasset" 368
"../../../Engine/Content/EngineDebugMaterials/DebugEditorMaterial.uasset" 369
"../../../Engine/Content/EngineDebugMaterials/DebugMeshMaterial.uasset" 370
"../../../Engine/Content/EngineDebugMaterials/M_SimpleUnlitTranslucent.uasset" 371
"../../../Engine/Content/Functions/Engine_MaterialFunctions02/Utility/CameraDirectionVector.uasset" 372
"../../../Engine/Content/EngineDebugMaterials/VolumeToRender.uasset" 373
"../../../Engine/Content/EngineDebugMaterials/M_VolumeRenderSphereTracePP.uasset" 374
"../../../Engine/Content/EngineDebugMaterials/WireframeMaterial.uasset" 375
"../../../Engine/Content/EngineFonts/Faces/DroidSansFallback.uasset" 376
"../../../Engine/Content/EngineFonts/Faces/RobotoBold.uasset" 377
"../../../Engine/Content/EngineFonts/Faces/RobotoBoldItalic.uasset" 378
"../../../Engine/Content/EngineFonts/Faces/RobotoItalic.uasset" 379
"../../../Engine/Content/EngineFonts/Faces/RobotoLight.uasset" 380
"../../../Engine/Content/EngineFonts/Faces/RobotoRegular.uasset" 381
"../../../Engine/Content/EngineFonts/Roboto.uasset" 382
"../../../Engine/Content/EngineMaterials/BaseFlattenDiffuseMap.uasset" 383
"../../../Engine/Content/EngineMaterials/BaseFlattenEmissiveMap.uasset" 384
"../../../Engine/Content/EngineMaterials/BaseFlattenGrayscaleMap.uasset" 385
"../../../Engine/Content/EngineMaterials/BaseFlattenNormalMap.uasset" 386
"../../../Engine/Content/EngineMaterials/BaseFlattenMaterial.uasset" 387
"../../../Engine/Content/EngineMaterials/BlueNoise.uasset" 388
"../../../Engine/Content/EngineMaterials/DefaultBloomKernel.uasset" 389
"../../../Engine/Content/EngineMaterials/DefaultBokeh.uasset" 390
"../../../Engine/Content/EngineMaterials/DefaultDiffuse.uasset" 391
"../../../Engine/Content/EngineMaterials/DefaultDeferredDecalMaterial.uasset" 392
"../../../Engine/Content/EngineMaterials/DefaultLightFunctionMaterial.uasset" 393
"../../../Engine/Content/EngineMaterials/DefaultPhysicalMaterial.uasset" 394
"../../../Engine/Content/Functions/Engine_MaterialFunctions02/Utility/BreakOutFloat2Components.uasset" 395
"../../../Engine/Content/EngineMaterials/DefaultPostProcessMaterial.uasset" 396
"../../../Engine/Content/EngineFonts/RobotoDistanceField.uasset" 397
"../../../Engine/Content/EngineMaterials/DefaultTextMaterialOpaque.uasset" 398
"../../../Engine/Content/EngineMaterials/DefaultWhiteGrid.uasset" 399
"../../../Engine/Content/EngineMaterials/DefaultWhiteGrid_Low.uasset" 400
"../../../Engine/Content/EngineMaterials/EmissiveMeshMaterial.uasset" 401
"../../../Engine/Content/EngineMaterials/GizmoMaterial.uasset" 402
"../../../Engine/Content/EngineMaterials/Good64x64TilingNoiseHighFreq.uasset" 403
"../../../Engine/Content/EngineMaterials/MiniFont.uasset" 404
"../../../Engine/Content/EngineMaterials/InvalidLightmapSettings.uasset" 405
"../../../Engine/Content/EngineMaterials/M_InvalidLightmapSettings.uasset" 406
"../../../Engine/Content/Functions/Engine_MaterialFunctions02/WorldPositionOffset/CameraOffset.uasset" 407
"../../../Engine/Content/EngineMaterials/PhAT_JointLimitMaterial.uasset" 408
"../../../Engine/Content/EngineMaterials/PreintegratedSkinBRDF.uasset" 409
"../../../Engine/Content/EngineMaterials/RemoveSurfaceMaterial.uasset" 410
"../../../Engine/Content/EngineMaterials/WeightMapPlaceholderTexture.uasset" 411
"../../../Engine/Content/EngineResources/WhiteSquareTexture.uasset" 412
"../../../Engine/Content/EngineMaterials/Widget3DPassThrough.uasset" 413
"../../../Engine/Content/EngineMaterials/Widget3DPassThrough_Masked.uasset" 414
"../../../Engine/Content/EngineMaterials/Widget3DPassThrough_Opaque.uasset" 415
"../../../Engine/Content/EngineMaterials/Widget3DPassThrough_Masked_OneSided.uasset" 416
"../../../Engine/Content/EngineMaterials/Widget3DPassThrough_Opaque_OneSided.uasset" 417
"../../../Engine/Content/EngineMaterials/Widget3DPassThrough_Translucent.uasset" 418
"../../../Engine/Content/EngineMaterials/Widget3DPassThrough_Translucent_OneSided.uasset" 419
"../../../Engine/Content/EngineMeshes/Cube.uasset" 420
"../../../Engine/Content/EngineMeshes/Cylinder.uasset" 421
"../../../Engine/Content/EngineMeshes/Sphere.uasset" 422
"../../../Engine/Content/EngineResources/Black.uasset" 423
"../../../Engine/Content/EngineResources/DefaultTexture.uasset" 424
"../../../Engine/Content/EngineResources/DefaultTextureCube.uasset" 425
"../../../Engine/Content/EngineResources/DefaultVolumeTexture2D.uasset" 426
"../../../Engine/Content/EngineResources/DefaultVolumeTexture.uasset" 427
"../../../Engine/Content/EngineResources/GradientTexture0.uasset" 428
"../../../Engine/Content/EngineSounds/Master.uasset" 429
"../../../Engine/Content/Functions/Engine_MaterialFunctions01/Shading/ConvertFromDiffSpec.uasset" 430
"../../../Engine/Content/Functions/Engine_MaterialFunctions01/Shading/PowerToRoughness.uasset" 431
"../../../Engine/Content/Maps/Templates/Thumbnails/Default.uasset" 432
"../../../Engine/Content/Maps/Templates/Thumbnails/TimeOfDay.uasset" 433
"../../../Engine/Content/Maps/Templates/Thumbnails/VR-Basic.uasset" 434
"../../../Engine/Content/MobileResources/T_MobileControls_texture.uasset" 435
"../../../Engine/Content/MobileResources/T_MobileMenu2.uasset" 436
"../../../Engine/Content/MobileResources/HUD/AnalogHat.uasset" 437
"../../../Engine/Content/MobileResources/HUD/VirtualJoystick_Background.uasset" 438
"../../../Engine/Content/MobileResources/HUD/VirtualJoystick_Thumb.uasset" 439
"../../../Engine/Content/MobileResources/HUD/DefaultVirtualJoysticks.uasset" 440
"../../../Engine/Content/MobileResources/HUD/LeftVirtualJoystickOnly.uasset" 441
"../../../Engine/Content/MobileResources/HUD/MobileHUDButton1_off.uasset" 442
"../../../Engine/Content/MobileResources/HUD/MobileHUDButton1_on.uasset" 443
"../../../Engine/Content/MobileResources/HUD/MobileHUDButton2_off.uasset" 444
"../../../Engine/Content/MobileResources/HUD/MobileHUDButton2_on.uasset" 445
"../../../Engine/Content/MobileResources/HUD/MobileHUDButton3.uasset" 446
"../../../Engine/Content/MobileResources/HUD/MobileHUDButtonFire.uasset" 447
"../../../Engine/Content/MobileResources/HUD/MobileHUDDirectionPad.uasset" 448
"../../../Engine/Content/MobileResources/HUD/MobileHUDDirectionPad2.uasset" 449
"../../../Engine/Content/MobileResources/HUD/MobileHUDDirectionPad3.uasset" 450
"../../../Engine/Content/MobileResources/HUD/MobileHUDDirectionStick.uasset" 451
"../../../Engine/Content/MobileResources/HUD/T_Castle_ThumbstickInner.uasset" 452
"../../../Engine/Content/MobileResources/HUD/T_Castle_ThumbstickOutter.uasset" 453
"../../../Engine/Content/Tutorial/ContentIntroCurve.uasset" 454
"../../../Engine/Content/Tutorial/Basics/LevelEditorAttract.uasset" 455
"../../../Engine/Content/Tutorial/Basics/TutorialAssets/icon_tab_Levels_40x.uasset" 456
"../../../Engine/Content/Tutorial/Basics/LevelEditorOverview.uasset" 457
"../../../Engine/Content/Tutorial/BlueprintTutorials/TutorialAssets/Blueprint_64x.uasset" 458
"../../../Engine/Content/Tutorial/BlueprintTutorials/BlueprintEditorTutorial.uasset" 459
"../../../Engine/Content/Tutorial/Installation/InstallingVisualStudioTutorial.uasset" 460
"../../../Engine/Content/Tutorial/Landscape/TutorialAssets/Landscape.uasset" 461
"../../../Engine/Content/Tutorial/Landscape/LandscapeWalkThrough.uasset" 462
"../../../Engine/Content/Tutorial/Landscape/Landscape_Manage_Mode.uasset" 463
"../../../Engine/Content/Tutorial/Landscape/Landscape_Painting_Mode.uasset" 464
"../../../Engine/Content/Tutorial/Landscape/Landscape_Sculpt_Mode.uasset" 465
"../../../Engine/Content/Tutorial/SubEditors/StaticMeshEditorTutorial.uasset" 466
"../../../Engine/Content/VREditor/LaserPointer/VR_LaserPower_01.uasset" 467
"../../../Engine/Content/VREditor/TransformGizmo/TransformGizmoMaterial.uasset" 468
"../../../Engine/Content/VREditor/TransformGizmo/TranslucentTransformGizmoMaterial.uasset" 469
"../../../Engine/Content/VREditor/TransformGizmo/BoundingBoxCorner.uasset" 470
"../../../Engine/Content/VREditor/TransformGizmo/BoundingBoxEdge.uasset" 471
"../../../Engine/Content/VREditor/TransformGizmo/PlaneTranslationHandle.uasset" 472
"../../../Engine/Content/VREditor/TransformGizmo/Main.uasset" 473
"../../../Engine/Content/VREditor/TransformGizmo/Xray.uasset" 474
"../../../Engine/Content/VREditor/TransformGizmo/SM_Sequencer_Key.uasset" 475
"../../../Engine/Content/VREditor/TransformGizmo/SM_Sequencer_Node.uasset" 476
"../../Plugins/2D/Paper2D/Content/DummySprite.uasset" 477
"../../Plugins/2D/Paper2D/Content/DefaultPaperTerrainMaterial.uasset" 478
"../../Plugins/2D/Paper2D/Content/MaskedUnlitSpriteMaterial.uasset" 479
"../../Plugins/2D/Paper2D/Content/OpaqueUnlitSpriteMaterial.uasset" 480
"../../Plugins/FX/Niagara/Content/Enums/ENiagaraBooleanLogicOps.uasset" 481
"../../Plugins/FX/Niagara/Content/Enums/ENiagaraCoordinateSpace.uasset" 482
"../../Plugins/FX/Niagara/Content/Enums/ENiagaraExpansionMode.uasset" 483
"../../Plugins/FX/Niagara/Content/Enums/ENiagaraOrientationAxis.uasset" 484
"../../Plugins/FX/Niagara/Content/Enums/ENiagaraRandomnessMode.uasset" 485
"../../../Engine/Content/Functions/Engine_MaterialFunctions02/Utility/BreakOutFloat4Components.uasset" 486
"../../../Engine/Content/Functions/Engine_MaterialFunctions02/Utility/MakeFloat2.uasset" 487
"../../../Engine/Content/Functions/Engine_MaterialFunctions02/Utility/MakeFloat3.uasset" 488
"../../Plugins/Runtime/Oculus/OculusVR/Content/Materials/OculusMR_ChromaKey.uasset" 489
"../../Plugins/Runtime/Oculus/OculusVR/Content/Materials/OculusMR_ChromaKey_Lit.uasset" 490
"../../Plugins/Runtime/Oculus/OculusVR/Content/Materials/OculusMR_OpaqueColoredMaterial.uasset" 491
"../../Plugins/Runtime/Oculus/OculusVR/Content/Materials/OculusMR_WhiteMaterial.uasset" 492
"C:/Users/al_fe/Documents/Unreal Projects/Platformer/Content/2DSideScrollerBP/Blueprints/2D/Enemies/Military_Incursion_Bot_Sprite_Sheet_Sprite_0.uasset" 493
"C:/Users/al_fe/Documents/Unreal Projects/Platformer/Content/2DSideScrollerBP/Blueprints/2D/Enemies/Military_Incursion_Bot_Sprite_Sheet_Sprite_1.uasset" 494
"C:/Users/al_fe/Documents/Unreal Projects/Platformer/Content/2DSideScrollerBP/Blueprints/2D/Enemies/Military_Incursion_Bot_Sprite_Sheet_Sprite_2.uasset" 495
"C:/Users/al_fe/Documents/Unreal Projects/Platformer/Content/2DSideScrollerBP/Blueprints/2D/Enemies/Military_Incursion_Bot_Sprite_Sheet_Sprite_3.uasset" 496
"C:/Users/al_fe/Documents/Unreal Projects/Platformer/Content/2DSideScrollerBP/Blueprints/2D/Enemies/Military_Incursion_Bot_Sprite_Sheet_Sprite_4.uasset" 497
"C:/Users/al_fe/Documents/Unreal Projects/Platformer/Content/2DSideScrollerBP/Blueprints/2D/Enemies/Military_Incursion_Bot_Sprite_Sheet_Sprite_5.uasset" 498
"C:/Users/al_fe/Documents/Unreal Projects/Platformer/Content/2DSideScrollerBP/Blueprints/2D/Enemies/Idel_Robot.uasset" 499
"C:/Users/al_fe/Documents/Unreal Projects/Platformer/Content/2DSideScrollerBP/Blueprints/2D/Enemies/Robot.uasset" 500
"C:/Users/al_fe/Documents/Unreal Projects/Platformer/Content/2DSideScrollerBP/Blueprints/2DSideScrollerGameMode.uasset" 501
"C:/Users/al_fe/Documents/Unreal Projects/Platformer/Content/2DSideScrollerBP/Blueprints/Camera.uasset" 502
"C:/Users/al_fe/Documents/Unreal Projects/Platformer/Content/2DSideScrollerBP/Blueprints/Coin/slcoin2_Sprite_0.uasset" 503
"C:/Users/al_fe/Documents/Unreal Projects/Platformer/Content/2DSideScrollerBP/Blueprints/Coin/slcoin2_Sprite_1.uasset" 504
"C:/Users/al_fe/Documents/Unreal Projects/Platformer/Content/2DSideScrollerBP/Blueprints/Coin/slcoin2_Sprite_10.uasset" 505
"C:/Users/al_fe/Documents/Unreal Projects/Platformer/Content/2DSideScrollerBP/Blueprints/Coin/slcoin2_Sprite_11.uasset" 506
"C:/Users/al_fe/Documents/Unreal Projects/Platformer/Content/2DSideScrollerBP/Blueprints/Coin/slcoin2_Sprite_12.uasset" 507
"C:/Users/al_fe/Documents/Unreal Projects/Platformer/Content/2DSideScrollerBP/Blueprints/Coin/slcoin2_Sprite_2.uasset" 508
"C:/Users/al_fe/Documents/Unreal Projects/Platformer/Content/2DSideScrollerBP/Blueprints/Coin/slcoin2_Sprite_3.uasset" 509
"C:/Users/al_fe/Documents/Unreal Projects/Platformer/Content/2DSideScrollerBP/Blueprints/Coin/slcoin2_Sprite_4.uasset" 510
"C:/Users/al_fe/Documents/Unreal Projects/Platformer/Content/2DSideScrollerBP/Blueprints/Coin/slcoin2_Sprite_5.uasset" 511
"C:/Users/al_fe/Documents/Unreal Projects/Platformer/Content/2DSideScrollerBP/Blueprints/Coin/slcoin2_Sprite_6.uasset" 512
"C:/Users/al_fe/Documents/Unreal Projects/Platformer/Content/2DSideScrollerBP/Blueprints/Coin/slcoin2_Sprite_7.uasset" 513
"C:/Users/al_fe/Documents/Unreal Projects/Platformer/Content/2DSideScrollerBP/Blueprints/Coin/slcoin2_Sprite_8.uasset" 514
"C:/Users/al_fe/Documents/Unreal Projects/Platformer/Content/2DSideScrollerBP/Blueprints/Coin/slcoin2_Sprite_9.uasset" 515
"C:/Users/al_fe/Documents/Unreal Projects/Platformer/Content/2DSideScrollerBP/Blueprints/Coin/Coin.uasset" 516
"C:/Users/al_fe/Documents/Unreal Projects/Platformer/Content/2DSideScrollerBP/Blueprints/Coin/Powerup9.uasset" 517
"C:/Users/al_fe/Documents/Unreal Projects/Platformer/Content/2DSideScrollerBP/Blueprints/Coin/Powerup9_Cue.uasset" 518
"C:/Users/al_fe/Documents/Unreal Projects/Platformer/Content/2DSideScrollerBP/Blueprints/Coin/CoinCollect.uasset" 519
"C:/Users/al_fe/Documents/Unreal Projects/Platformer/Content/2DSideScrollerBP/Blueprints/Ladders/PngItem_986054_Sprite_0.uasset" 520
"C:/Users/al_fe/Documents/Unreal Projects/Platformer/Content/2DSideScrollerBP/Blueprints/Ladders/Ladder.uasset" 521
"C:/Users/al_fe/Documents/Unreal Projects/Platformer/Content/2DSideScrollerBP/Blueprints/Map/Platform.uasset" 522
"C:/Users/al_fe/Documents/Unreal Projects/Platformer/Content/2DSideScrollerBP/Blueprints/Map/Ice.uasset" 523
"C:/Users/al_fe/Documents/Unreal Projects/Platformer/Content/2DSideScrollerBP/Blueprints/Map/Platformer.uasset" 524
"C:/Users/al_fe/Documents/Unreal Projects/Platformer/Content/2DSideScrollerBP/Blueprints/Map/Assets_Sprite_0.uasset" 525
"C:/Users/al_fe/Documents/Unreal Projects/Platformer/Content/2DSideScrollerBP/Blueprints/Map/Spike.uasset" 526
"C:/Users/al_fe/Documents/Unreal Projects/Platformer/Content/2DSideScrollerBP/Levels/TestLevel_BuiltData.uasset" 527
"../../../Engine/Content/MapTemplates/Bokeh_5Sides.uasset" 528
"../../../Engine/Content/MapTemplates/T_ScreenDirt02_w.uasset" 529
"C:/Users/al_fe/Documents/Unreal Projects/Platformer/Content/2DSideScrollerBP/Levels/TestLevel.umap" 530
"C:/Users/al_fe/Documents/Unreal Projects/Platformer/Content/2DSideScrollerBP/Blueprints/Menu/a47e4eb9-f821-48dd-8f7b-f7b6e5e41757.uasset" 531
"C:/Users/al_fe/Documents/Unreal Projects/Platformer/Content/2DSideScrollerBP/Blueprints/Menu/space-game-background-neon-night-alien-landscape_107791-1624.uasset" 532
"C:/Users/al_fe/Documents/Unreal Projects/Platformer/Content/2DSideScrollerBP/Blueprints/Menu/Titel.uasset" 533
"C:/Users/al_fe/Documents/Unreal Projects/Platformer/Content/2DSideScrollerBP/Levels/Titel.umap" 534
